Command line:
"travis encrypt CLIENT_JSON={type: service_account,project_id: randomhaus-1286,private_key_id: 7199d7c804f3ce9cdce54ceb50a3cee913f10846,private_key: -----BEGIN PRIVATE KEY-----\nMIIEvQIBADANBgkqhkiG9w0BAQEFAASCBKcwggSjAgEAAoIBAQCJ8bI/1Xl2omi5\nktDH8FQQnCVcCtky/S+ZoXqMRsIjP0OvqdJEETXO8nzoZLayGwJoiuEmr9itimw3\n/SbfTnPRv+6PS/4iAwe+q7VYR5gETxO2IFOQRZvM1aW0bYMjQVT7h/c4yvIrCTPu\nMV8Y7+YRgwl53iD2IBlgUyHfbXs32IdAXc9xHxJygFDKCByys90FWTzF15iHHtGY\n8NB9n+Q1iLPBRGDlucazGGZy/nFg2YQkFtNdu0IVJpzidiR77auujPOh10qRHr4J\nII0I70JyYcizq1HwU0WGZHsUUNOVyHthPil/1EeqABMYW4rvGf861svrVu0j5bjN\n82P+4TC5AgMBAAECggEAVMnucZQqy8P6MQ7QLAVJ9sezowa8CL5dcsYxyGV50SaC\n2Ue+Cb62X1TneATn00QMz+uFhz0RJ2JtMGD3cs0LHcMmxIfGVmucaBOtLO0cwJFG\noWzvUD+pC1fLOcMSlyoCLXWefRcpkVBfzioktPRIaz0rJvBlPEPwtSeEK4xk76bI\nX7/7ZhM9VC9INNRK06CeFbFsvKDtj6M/l5C9F/MYbKtHVGPiiLQ+Xsa3Yu2Rj831\nzG07MY1RKIV2QRJiS01GklZyT/4I7PFMlpKvitfEDC5rSjD8m7RyWhSVRctpWxx6\nBUmeQMO6cwVGaj3yY21E6g5cNG2B1ShhierdqampgQKBgQDrV9KNBwhPtDCuhuDR\nYeYYC+KNNxQMo70whe5+8TPq6rHttpBsYlvxlPPJCTXWIqi+6KjiW5pl8u/1jdP9\nnYcdvHrPFx6x99MRgOVyZpllBbW5q3UZi2ldlSCKnNbNLRV6AnMi1uSU20bv691D\nkYMl9lw+lB7m/t7Hfb13uuWBaQKBgQCWDU/dQsqptU1WUaPKpUwsR62dsX1q2eNd\np6N6ZpOJswm9syKxMMPhl7H+kKA60MkDphx9x7dJFd/aAjX6+5xwjLU4uqLHnrCJ\nqbHcIqREiqvYlAb4y4CysLLYX1K7GtT/Y5ZJ2WtFVLOs94Cu7mdXtizKSxBApRet\naGh1+dL60QKBgDdP5cmFjJuHAyYRx0cO1lBygqWj+09ZMH72C27Ea+pbjMQM83a1\ny1xFIOLwCjow3S45anABDZHGfkVdNyTVYEtJ4CdKDMnRMEdd3w97M7Q9mk9wD86Y\nKIR5JzPM1uNUJEcPylW24fRmcQ60hcV6rrM+asG+eGDcKCoE0IISaBx5AoGARXFf\ntqyEkknfwsUBonUhbZS2mrZbrqmr+dntZGY4fY+oQGy473v8C1li/Mb+AHpDrTah\nFOzqvB4tfP1s8fykB8p2zAxD7VJZrTwlnhVCJJ5wrUjEeTvlEc2I1242IXVngdIa\n6Y5/gJSUmsXofgzDMuqSjAR1PxWogY5CWecGZyECgYEAzeqxwRfJcAdPDv++XwAO\nomtgJp7BvPwA/JIOTuDz4+BHHjgHYAJwJ5d1PdpF2/3RZUWT0cfaobUYWw+16XLI\nuIWnDtZV2JMz2JLGg2O6nByLBn1Ks2FiyMvTe2RFajflLH8W8ZVVt6fibyuKLz+a\n+WSP24PTjwruya4nQVvOmew=\n-----END PRIVATE KEY-----\n,client_email: randomhaus@randomhaus-1286.iam.gserviceaccount.com,client_id: 107292612401600710591,auth_uri: https://accounts.google.com/o/oauth2/auth,token_uri: https://accounts.google.com/o/oauth2/token,auth_provider_x509_cert_url: https://www.googleapis.com/oauth2/v1/certs,client_x509_cert_url: https://www.googleapis.com/robot/v1/metadata/x509/randomhaus%40randomhaus-1286.iam.gserviceaccount.com}"


   ________                                 __
  /        |                               /  |
  ########/ ______    ______    __     __  ##/    _______
     ## |  /      \  /      \  /  \   /  | /  |  /       |
     ## | /######  | ######  | ##  \ /##/  ## | /#######/
     ## | ## |  ##/  /    ## |  ##  /##/   ## | ##      \
     ## | ## |      /####### |   ## ##/    ## |  ######  |
     ## | ## |      ##    ## |    ###/     ## | /     ##/
     ##/  ##/        #######/      #/      ##/  #######/

     TRajectory Analyzer and VISualizer  -  Open-source freeware under GNU GPL v3

     Copyright (c) Martin Brehm      (2009-2014)
                   Martin Thomas     (2012-2014)
                   Barbara Kirchner  (2009-2014)
                   University of Leipzig / University of Bonn.

     http://www.travis-analyzer.de

     Please cite:
     M. Brehm and B. Kirchner, J. Chem. Inf. Model. 2011, 51 (8), pp 2007-2023.

     There is absolutely no warranty on any results obtained from TRAVIS.

  #  Running on ubuntu at Wed Jun 15 18:38:22 2016 (PID 21585).
  #  Running in /home/cobbleopolis/RandomHaus
  #  Source code version: Jan 17 2014.
  #  Compiled at Jan 19 2014 05:12:11.
  #  Compiler version: 4.8.2
  #  Target platform: Linux
  #  Compile flags: DEBUG_ARRAYS 
  #  Machine: int=4b, long=8b, addr=8b, 0xA0B0C0D0=D0,C0,B0,A0.
  #  User home: /home/cobbleopolis
  #  Exe path: /usr/bin/travis
  #  Input from terminal, Output to terminal

 >>> Please use a color scheme with dark background or specify "-nocolor"! <<<

    Loading configuration from /home/cobbleopolis/.travis.conf ...

Unknown parameter: "encrypt".

    List of supported command line options:

      -p <file>       Loads position data from the specified trajectory file.
                      The file format may be *.xyz, *.pdb, *.lmp (Lammps) or HISTORY (DLPOLY).
      -i <file>       Reads input from the specified text file.

      -config <file>  Load the specified configuration file.
      -stream         Treats input trajectory as a stream (e.g. named pipe): No fseek, etc.
      -showconf       Shows a tree structure of the configuration file.
      -writeconf      Writes the default configuration file, including all defines values.

      -verbose        Show detailed information about what's going on.
      -nocolor        Executes TRAVIS in monochrome mode.
      -dimcolor       Uses dim instead of bright colors.

      -credits        Display a list of persons which contributed to TRAVIS.
      -help, -?       Shows this help.

    If only one argument is specified, it is assumed to be the name of a trajectory file.
    If argument is specified at all, TRAVIS asks for the trajectory file to open.


    Note: To show a list of all persons which contributed to TRAVIS,
          please add "-credits" to your command line arguments, or set the
          variable "SHOWCREDITS" to "TRUE" in your travis.conf file.

    Source code from other projects used in TRAVIS:
      - lmfit     from Joachim Wuttke
      - kiss_fft  from Mark Borgerding
      - voro++    from Chris Rycroft

    http://www.travis-analyzer.de

    Please cite:

  * "TRAVIS - A Free Analyzer and Visualizer for Monte Carlo and Molecular Dynamics Trajectories",
    M. Brehm, B. Kirchner; J. Chem. Inf. Model. 2011, 51 (8), pp 2007-2023.

*** The End ***

